<?xml version="1.0" encoding="UTF-8"?>
<!-- Generated by org.testng.reporters.JUnitXMLReporter -->
<testsuite hostname="THR052" ignored="0" name="Default test" tests="24" failures="0" timestamp="29 Apr 2019 15:54:42 GMT" time="0.114" errors="0">
  <testcase name="ASCIIToCharTest" time="0.009" classname="practiceExercises.TestNG_ParametersandDataProviders"/>
  <testcase name="ASCIIToCharTest" time="0.002" classname="practiceExercises.TestNG_ParametersandDataProviders"/>
  <testcase name="ASCIIToCharTest" time="0.001" classname="practiceExercises.TestNG_ParametersandDataProviders"/>
  <testcase name="ASCIIToCharTest" time="0.002" classname="practiceExercises.TestNG_ParametersandDataProviders"/>
  <testcase name="ASCIIToCharTest" time="0.001" classname="practiceExercises.TestNG_ParametersandDataProviders"/>
  <testcase name="ASCIIToCharTest" time="0.002" classname="practiceExercises.TestNG_ParametersandDataProviders"/>
  <testcase name="ASCIIToCharTest" time="0.002" classname="practiceExercises.TestNG_ParametersandDataProviders"/>
  <testcase name="ASCIIToCharTest" time="0.001" classname="practiceExercises.TestNG_ParametersandDataProviders"/>
  <testcase name="ASCIIToCharTest" time="0.002" classname="practiceExercises.TestNG_ParametersandDataProviders"/>
  <testcase name="ASCIIToCharTest" time="0.002" classname="practiceExercises.TestNG_ParametersandDataProviders"/>
  <testcase name="ASCIIToCharTest" time="0.005" classname="practiceExercises.TestNG_ParametersandDataProviders"/>
  <testcase name="ASCIIToCharTest" time="0.002" classname="practiceExercises.TestNG_ParametersandDataProviders"/>
  <testcase name="CharToASCIITest" time="0.002" classname="practiceExercises.TestNG_ParametersandDataProviders"/>
  <testcase name="CharToASCIITest" time="0.001" classname="practiceExercises.TestNG_ParametersandDataProviders"/>
  <testcase name="CharToASCIITest" time="0.001" classname="practiceExercises.TestNG_ParametersandDataProviders"/>
  <testcase name="CharToASCIITest" time="0.001" classname="practiceExercises.TestNG_ParametersandDataProviders"/>
  <testcase name="CharToASCIITest" time="0.002" classname="practiceExercises.TestNG_ParametersandDataProviders"/>
  <testcase name="CharToASCIITest" time="0.0" classname="practiceExercises.TestNG_ParametersandDataProviders"/>
  <testcase name="CharToASCIITest" time="0.001" classname="practiceExercises.TestNG_ParametersandDataProviders"/>
  <testcase name="CharToASCIITest" time="0.001" classname="practiceExercises.TestNG_ParametersandDataProviders"/>
  <testcase name="CharToASCIITest" time="0.001" classname="practiceExercises.TestNG_ParametersandDataProviders"/>
  <testcase name="CharToASCIITest" time="0.001" classname="practiceExercises.TestNG_ParametersandDataProviders"/>
  <testcase name="CharToASCIITest" time="0.001" classname="practiceExercises.TestNG_ParametersandDataProviders"/>
  <testcase name="CharToASCIITest" time="0.001" classname="practiceExercises.TestNG_ParametersandDataProviders"/>
</testsuite> <!-- Default test -->
